<?xml version="1.0" encoding="UTF-8"?>
<!-- Generated by org.testng.reporters.JUnitReportReporter -->
<testsuite hostname="DESKTOP-QN39QBK" failures="0" tests="1" name="RestAssured.CareferTask.Login" time="4.186" errors="0" timestamp="2022-12-28T13:42:45 EET" skipped="0">
  <testcase classname="RestAssured.CareferTask.Login" name="CheckLogin" time="4.186"/>
  <system-out/>
</testsuite> <!-- RestAssured.CareferTask.Login -->
