<?xml version="1.0" encoding="UTF-8"?>
<!-- Generated by org.testng.reporters.JUnitReportReporter -->
<testsuite hostname="DESKTOP-QN39QBK" failures="0" tests="1" name="RestAssured.CareferTask.LoginTest" time="6.853" errors="0" timestamp="2022-12-29T21:08:12 EET" skipped="0">
  <testcase classname="RestAssured.CareferTask.LoginTest" name="RunLoginAPI" time="6.853"/>
  <system-out/>
</testsuite> <!-- RestAssured.CareferTask.LoginTest -->
