<?xml version="1.0" encoding="UTF-8"?>
<!-- Generated by org.testng.reporters.JUnitReportReporter -->
<testsuite hostname="DESKTOP-QN39QBK" failures="0" tests="1" name="RestAssured.CareferTask.VerifyTest" time="4.425" errors="0" timestamp="2022-12-29T21:18:16 EET" skipped="0">
  <testcase classname="RestAssured.CareferTask.VerifyTest" name="CheckVerifyAPI" time="4.425"/>
  <system-out/>
</testsuite> <!-- RestAssured.CareferTask.VerifyTest -->
