<?xml version="1.0" encoding="UTF-8"?>
<!-- Generated by org.testng.reporters.JUnitReportReporter -->
<testsuite hostname="DESKTOP-QN39QBK" failures="0" tests="1" name="RestAssured.CareferTask.Verify" time="3.673" errors="0" timestamp="2022-12-28T13:02:33 EET" skipped="0">
  <testcase classname="RestAssured.CareferTask.Verify" name="RegisterAPI" time="3.673"/>
  <system-out/>
</testsuite> <!-- RestAssured.CareferTask.Verify -->
