<?xml version="1.0" encoding="UTF-8"?>
<!-- Generated by org.testng.reporters.JUnitReportReporter -->
<testsuite hostname="DESKTOP-QN39QBK" failures="0" tests="1" name="RestAssured.CareferTask.Register" time="4.309" errors="0" timestamp="2022-12-28T13:02:15 EET" skipped="0">
  <testcase classname="RestAssured.CareferTask.Register" name="RegisterAPI" time="4.309"/>
  <system-out/>
</testsuite> <!-- RestAssured.CareferTask.Register -->
